<?xml version="1.0" encoding="UTF-8"?>
<testng-results ignored="0" total="2" passed="2" failed="0" skipped="0">
  <reporter-output>
  </reporter-output>
  <suite started-at="2023-05-05T11:52:05 WAT" name="Default suite" finished-at="2023-05-05T11:52:54 WAT" duration-ms="49045">
    <groups>
    </groups>
    <test started-at="2023-05-05T11:52:05 WAT" name="Default test" finished-at="2023-05-05T11:52:54 WAT" duration-ms="49045">
      <class name="tests.LoginBeforeMethod">
        <test-method is-config="true" signature="setupBrowser()[pri:0, instance:tests.LoginBeforeMethod@4a7f959b]" started-at="2023-05-05T11:52:05 WAT" name="setupBrowser" finished-at="2023-05-05T11:52:29 WAT" duration-ms="23396" status="PASS">
          <reporter-output>
          </reporter-output>
        </test-method> <!-- setupBrowser -->
        <test-method signature="invalidLogin()[pri:0, instance:tests.LoginBeforeMethod@4a7f959b]" started-at="2023-05-05T11:52:29 WAT" name="invalidLogin" finished-at="2023-05-05T11:52:34 WAT" duration-ms="5349" status="PASS">
          <reporter-output>
          </reporter-output>
        </test-method> <!-- invalidLogin -->
        <test-method is-config="true" signature="AftTest()[pri:0, instance:tests.LoginBeforeMethod@4a7f959b]" started-at="2023-05-05T11:52:34 WAT" name="AftTest" finished-at="2023-05-05T11:52:34 WAT" duration-ms="174" status="PASS">
          <reporter-output>
          </reporter-output>
        </test-method> <!-- AftTest -->
        <test-method is-config="true" signature="setupBrowser()[pri:0, instance:tests.LoginBeforeMethod@4a7f959b]" started-at="2023-05-05T11:52:34 WAT" name="setupBrowser" finished-at="2023-05-05T11:52:49 WAT" duration-ms="14529" status="PASS">
          <reporter-output>
          </reporter-output>
        </test-method> <!-- setupBrowser -->
        <test-method signature="validLogin()[pri:1, instance:tests.LoginBeforeMethod@4a7f959b]" started-at="2023-05-05T11:52:49 WAT" name="validLogin" finished-at="2023-05-05T11:52:54 WAT" duration-ms="5388" status="PASS">
          <reporter-output>
          </reporter-output>
        </test-method> <!-- validLogin -->
        <test-method is-config="true" signature="AftTest()[pri:0, instance:tests.LoginBeforeMethod@4a7f959b]" started-at="2023-05-05T11:52:54 WAT" name="AftTest" finished-at="2023-05-05T11:52:54 WAT" duration-ms="166" status="PASS">
          <reporter-output>
          </reporter-output>
        </test-method> <!-- AftTest -->
      </class> <!-- tests.LoginBeforeMethod -->
    </test> <!-- Default test -->
  </suite> <!-- Default suite -->
</testng-results>
